#
# A fatal error has been detected by the Java Runtime Environment:
#
#  EXCEPTION_ACCESS_VIOLATION (0xc0000005) at pc=0x0000000076d72f86, pid=4664, tid=5856
#
# JRE version: 7.0_11-b21
# Java VM: Java HotSpot(TM) 64-Bit Server VM (23.6-b04 mixed mode windows-amd64 compressed oops)
# Problematic frame:
# C  [ntdll.dll+0x52f86]
#
# Failed to write core dump. Minidumps are not enabled by default on client versions of Windows
#
# If you would like to submit a bug report, please visit:
#   http://bugreport.sun.com/bugreport/crash.jsp
# The crash happened outside the Java Virtual Machine in native code.
# See problematic frame for where to report the bug.
#

---------------  T H R E A D  ---------------

Current thread (0x00000000225ff800):  JavaThread "main" [_thread_in_native, id=5856, stack(0x0000000000030000,0x0000000004030000)]

siginfo: ExceptionCode=0xc0000005, writing address 0xffffffffd58d26c0

Registers:
RAX=0x000007fef8b952ef, RBX=0x0000000004020c40, RCX=0xffffffffd58d26b8, RDX=0x00000000040205b0
RSP=0x0000000004020490, RBP=0x000007fee23acb08, RSI=0x0000000000000000, RDI=0xffffffffd58d2690
R8 =0x000007fffffde000, R9 =0x8be24bff005b3944, R10=0x0000000000000000, R11=0x8101010101010100
R12=0x0000000000000000, R13=0x0000000000000001, R14=0x00000000040205b0, R15=0x0000000000004000
RIP=0x0000000076d72f86, EFLAGS=0x0000000000010206

Top of Stack: (sp=0x0000000004020490)
0x0000000004020490:   0000000800000000 0000000000000005
0x00000000040204a0:   000001ceffff0000 000000000420a520
0x00000000040204b0:   0000000004020c40 000007fefcb8588e
0x00000000040204c0:   0000000002080004 00000000628b2f68
0x00000000040204d0:   00000000628b2f40 00000000d58269d6
0x00000000040204e0:   00000000d58269d0 00000000d58bd630
0x00000000040204f0:   0046005f02080008 00000000d58269d0
0x0000000004020500:   0002dafa00480005 000000000423a6a0
0x0000000004020510:   0000000000000000 0000000000060004
0x0000000004020520:   00000000d58bd630 0000000004020638
0x0000000004020530:   0000000000000000 0000000000000001
0x0000000004020540:   000000000000001e 0000000014efdbb0
0x0000000004020550:   0000000000000000 0000000004020850
0x0000000004020560:   0000000000000000 000007fefcbbc021
0x0000000004020570:   0000000000000001 0000000004020c40
0x0000000004020580:   ffffffffd58d2690 0000000000000005 

Instructions: (pc=0x0000000076d72f86)
0x0000000076d72f66:   f0 48 0f c3 51 f8 75 d0 f0 80 0c 24 00 e9 56 ff
0x0000000076d72f76:   ff ff 90 90 90 90 90 90 90 90 ff f3 48 83 ec 20
0x0000000076d72f86:   f0 0f ba 71 08 00 48 8b d9 0f 83 59 b2 ff ff 65
0x0000000076d72f96:   48 8b 04 25 30 00 00 00 48 8b 48 48 c7 43 0c 01 


Register to memory mapping:

RAX=0x000007fef8b952ef is an unknown value
RBX=0x0000000004020c40 is pointing into the stack for thread: 0x00000000225ff800
RCX=0xffffffffd58d26b8 is an unknown value
RDX=0x00000000040205b0 is pointing into the stack for thread: 0x00000000225ff800
RSP=0x0000000004020490 is pointing into the stack for thread: 0x00000000225ff800
RBP=0x000007fee23acb08 is an unknown value
RSI=0x0000000000000000 is an unknown value
RDI=0xffffffffd58d2690 is an unknown value
R8 =0x000007fffffde000 is an unknown value
R9 =0x8be24bff005b3944 is an unknown value
R10=0x0000000000000000 is an unknown value
R11=0x8101010101010100 is an unknown value
R12=0x0000000000000000 is an unknown value
R13=0x0000000000000001 is an unknown value
R14=0x00000000040205b0 is pointing into the stack for thread: 0x00000000225ff800
R15=0x0000000000004000 is an unknown value


Stack: [0x0000000000030000,0x0000000004030000],  sp=0x0000000004020490,  free space=65473k
Native frames: (J=compiled Java code, j=interpreted, Vv=VM code, C=native code)
C  [ntdll.dll+0x52f86]

Java frames: (J=compiled Java code, j=interpreted, Vv=VM code)
j  com.altera.dspbuilder.portmanager.PortManager.checkOut()Z+0
j  com.altera.dspbuilder.serialisation.ModelSerialiser.<init>(Lcom/altera/dspbuilder/simulink/SimulinkPath;Ljava/lang/String;Ljava/util/Date;Z)V+26
j  com.altera.dspbuilder.serialisation.ModelSerialiser.<init>(Lcom/altera/dspbuilder/simulink/SimulinkPath;Ljava/lang/String;Z)V+11
j  com.altera.dspbuilder.serialisation.ModelSerialiser.<init>(Ljava/lang/String;Ljava/lang/String;Z)V+11
v  ~StubRoutines::call_stub

---------------  P R O C E S S  ---------------

Java Threads: ( => current thread )
  0x000000011f72a800 JavaThread "Thread-802" [_thread_blocked, id=7212, stack(0x0000000137680000,0x000000013b680000)]
  0x0000000014d99800 JavaThread "Active Reference Queue Daemon" daemon [_thread_blocked, id=1112, stack(0x0000000133680000,0x0000000137680000)]
  0x0000000014d98800 JavaThread "Timer-1" daemon [_thread_blocked, id=7344, stack(0x000000012b680000,0x000000012f680000)]
  0x0000000066de5000 JavaThread "Swing-Shell" daemon [_thread_blocked, id=5792, stack(0x0000000104000000,0x0000000108000000)]
  0x0000000066de4800 JavaThread "Prefs Updater" daemon [_thread_blocked, id=5272, stack(0x0000000088000000,0x000000008c000000)]
  0x0000000066de3000 JavaThread "ClipboardMonitor Timer" daemon [_thread_blocked, id=1408, stack(0x00000000d6f70000,0x00000000daf70000)]
  0x0000000066ddf000 JavaThread "Explorer NavigationContext request queue" daemon [_thread_blocked, id=4148, stack(0x00000000cef70000,0x00000000d2f70000)]
  0x0000000066ddc000 JavaThread "AddressBar directory emptiness poller" daemon [_thread_blocked, id=5012, stack(0x00000000c6f70000,0x00000000caf70000)]
  0x0000000066dde800 JavaThread "Explorer Refresh Service 1807541745" daemon [_thread_blocked, id=4308, stack(0x00000000c2f70000,0x00000000c6f70000)]
  0x0000000068837000 JavaThread "Thread-4" daemon [_thread_blocked, id=5668, stack(0x00000000a8000000,0x00000000ac000000)]
  0x0000000066de0000 JavaThread "TimerQueue" daemon [_thread_blocked, id=1208, stack(0x00000000a4000000,0x00000000a8000000)]
  0x00000000625b3000 JavaThread "Thread-3" daemon [_thread_blocked, id=6336, stack(0x00000000a0000000,0x00000000a4000000)]
  0x00000000625b1000 JavaThread "AWT-EventQueue-0" [_thread_blocked, id=6192, stack(0x000000009c000000,0x00000000a0000000)]
  0x00000000625b0000 JavaThread "AWT-Shutdown" [_thread_blocked, id=6164, stack(0x0000000080000000,0x0000000084000000)]
  0x0000000023b94800 JavaThread "FelixPackageAdmin" daemon [_thread_blocked, id=6208, stack(0x0000000098000000,0x000000009c000000)]
  0x00000000623ba000 JavaThread "FelixStartLevel" daemon [_thread_blocked, id=6204, stack(0x0000000094000000,0x0000000098000000)]
  0x0000000023b97800 JavaThread "FelixDispatchQueue" daemon [_thread_blocked, id=3308, stack(0x0000000090000000,0x0000000094000000)]
  0x0000000061e4c800 JavaThread "com.google.common.base.internal.Finalizer" daemon [_thread_blocked, id=3160, stack(0x000000008c000000,0x0000000090000000)]
  0x0000000061e34800 JavaThread "AWT-Windows" daemon [_thread_in_native, id=3384, stack(0x0000000084000000,0x0000000088000000)]
  0x0000000061be7000 JavaThread "Java2D Disposer" daemon [_thread_blocked, id=6988, stack(0x000000007af00000,0x000000007ef00000)]
  0x0000000061a8f000 JavaThread "Timer-0" [_thread_blocked, id=7084, stack(0x0000000076f00000,0x000000007af00000)]
  0x00000000238e2800 JavaThread "EventMgr Dispatcher" daemon [_thread_in_native, id=3492, stack(0x0000000072830000,0x0000000076830000)]
  0x0000000023803000 JavaThread "Service Thread" daemon [_thread_blocked, id=6080, stack(0x0000000059880000,0x000000005d880000)]
  0x0000000023802000 JavaThread "C2 CompilerThread1" daemon [_thread_blocked, id=5264, stack(0x0000000055880000,0x0000000059880000)]
  0x00000000237fd000 JavaThread "C2 CompilerThread0" daemon [_thread_blocked, id=5220, stack(0x0000000051880000,0x0000000055880000)]
  0x00000000237cb800 JavaThread "Attach Listener" daemon [_thread_blocked, id=3972, stack(0x000000004d880000,0x0000000051880000)]
  0x0000000023798000 JavaThread "Finalizer" daemon [_thread_blocked, id=1064, stack(0x0000000049880000,0x000000004d880000)]
  0x000000002378d800 JavaThread "Reference Handler" daemon [_thread_blocked, id=6488, stack(0x0000000045880000,0x0000000049880000)]
=>0x00000000225ff800 JavaThread "main" [_thread_in_native, id=5856, stack(0x0000000000030000,0x0000000004030000)]

Other Threads:
  0x0000000023789000 VMThread [stack: 0x0000000041880000,0x0000000045880000] [id=3012]
  0x00000000238ee800 WatcherThread [stack: 0x000000005d880000,0x0000000061880000] [id=5224]

VM state:not at safepoint (normal execution)

VM Mutex/Monitor currently owned by a thread: None

Heap
 PSYoungGen      total 50176K, used 32100K [0x00000000fa000000, 0x00000000fdb00000, 0x0000000100000000)
  eden space 47488K, 61% used [0x00000000fa000000,0x00000000fbcbe230,0x00000000fce60000)
  from space 2688K, 99% used [0x00000000fd860000,0x00000000fdafb120,0x00000000fdb00000)
  to   space 6208K, 0% used [0x00000000fcee0000,0x00000000fcee0000,0x00000000fd4f0000)
 ParOldGen       total 97216K, used 60999K [0x00000000e8000000, 0x00000000edef0000, 0x00000000fa000000)
  object space 97216K, 62% used [0x00000000e8000000,0x00000000ebb91dd8,0x00000000edef0000)
 PSPermGen       total 105792K, used 63920K [0x00000000e0000000, 0x00000000e6750000, 0x00000000e8000000)
  object space 105792K, 60% used [0x00000000e0000000,0x00000000e3e6c0a0,0x00000000e6750000)

Card table byte_map: [0x0000000026d20000,0x0000000026e30000] byte_map_base: 0x0000000026620000

Polling page: 0x0000000007f00000

Code Cache  [0x0000000023d20000, 0x0000000024370000, 0x0000000026d20000)
 total_blobs=2472 nmethods=1799 adapters=622 free_code_cache=42853Kb largest_free_block=43776064

Compilation events (10 events):
Event: 1574.424 Thread 0x00000000237fd000 1984             java.lang.String::toUpperCase (439 bytes)
Event: 1574.431 Thread 0x0000000023802000 1985             com.altera.dspbuilder.common.DSPBuilderType::getType (5 bytes)
Event: 1574.431 Thread 0x0000000023802000 nmethod 1985 0x0000000024304c90 code [0x0000000024304dc0, 0x0000000024304e18]
Event: 1574.442 Thread 0x00000000237fd000 nmethod 1984 0x0000000024354510 code [0x0000000024354740, 0x0000000024355840]
Event: 1574.449 Thread 0x0000000023802000 1986   !         com.mathworks.mde.cmdwin.CmdWinDocument::fixSpecialCharacters (1273 bytes)
Event: 1574.449 Thread 0x00000000237fd000 1987             javax.swing.text.Segment::next (41 bytes)
Event: 1574.450 Thread 0x00000000237fd000 nmethod 1987 0x00000000242ece50 code [0x00000000242ecf80, 0x00000000242ed038]
Event: 1574.491 Thread 0x0000000023802000 nmethod 1986 0x000000002435a510 code [0x000000002435aa20, 0x000000002435cf80]
Event: 1574.753 Thread 0x00000000237fd000 1988             sun.swing.ImageCache$Entry::equals (147 bytes)
Event: 1574.756 Thread 0x00000000237fd000 nmethod 1988 0x0000000024350210 code [0x0000000024350360, 0x0000000024350678]

GC Heap History (10 events):
Event: 1438.860 GC heap before
{Heap before GC invocations=139 (full 3):
 PSYoungGen      total 52992K, used 50571K [0x00000000fa000000, 0x00000000fdc90000, 0x0000000100000000)
  eden space 48192K, 100% used [0x00000000fa000000,0x00000000fcf10000,0x00000000fcf10000)
  from space 4800K, 49% used [0x00000000fcf10000,0x00000000fd162e48,0x00000000fd3c0000)
  to   space 4608K, 0% used [0x00000000fd810000,0x00000000fd810000,0x00000000fdc90000)
 ParOldGen       total 97216K, used 57110K [0x00000000e8000000, 0x00000000edef0000, 0x00000000fa000000)
  object space 97216K, 58% used [0x00000000e8000000,0x00000000eb7c5828,0x00000000edef0000)
 PSPermGen       total 105792K, used 62112K [0x00000000e0000000, 0x00000000e6750000, 0x00000000e8000000)
  object space 105792K, 58% used [0x00000000e0000000,0x00000000e3ca80d8,0x00000000e6750000)
Event: 1438.864 GC heap after
Heap after GC invocations=139 (full 3):
 PSYoungGen      total 55872K, used 2695K [0x00000000fa000000, 0x00000000fdbc0000, 0x0000000100000000)
  eden space 52096K, 0% used [0x00000000fa000000,0x00000000fa000000,0x00000000fd2e0000)
  from space 3776K, 71% used [0x00000000fd810000,0x00000000fdab1f58,0x00000000fdbc0000)
  to   space 4544K, 0% used [0x00000000fd2e0000,0x00000000fd2e0000,0x00000000fd750000)
 ParOldGen       total 97216K, used 57110K [0x00000000e8000000, 0x00000000edef0000, 0x00000000fa000000)
  object space 97216K, 58% used [0x00000000e8000000,0x00000000eb7c5828,0x00000000edef0000)
 PSPermGen       total 105792K, used 62112K [0x00000000e0000000, 0x00000000e6750000, 0x00000000e8000000)
  object space 105792K, 58% used [0x00000000e0000000,0x00000000e3ca80d8,0x00000000e6750000)
}
Event: 1461.936 GC heap before
{Heap before GC invocations=140 (full 3):
 PSYoungGen      total 55872K, used 54791K [0x00000000fa000000, 0x00000000fdbc0000, 0x0000000100000000)
  eden space 52096K, 100% used [0x00000000fa000000,0x00000000fd2e0000,0x00000000fd2e0000)
  from space 3776K, 71% used [0x00000000fd810000,0x00000000fdab1f58,0x00000000fdbc0000)
  to   space 4544K, 0% used [0x00000000fd2e0000,0x00000000fd2e0000,0x00000000fd750000)
 ParOldGen       total 97216K, used 57110K [0x00000000e8000000, 0x00000000edef0000, 0x00000000fa000000)
  object space 97216K, 58% used [0x00000000e8000000,0x00000000eb7c5828,0x00000000edef0000)
 PSPermGen       total 105792K, used 62130K [0x00000000e0000000, 0x00000000e6750000, 0x00000000e8000000)
  object space 105792K, 58% used [0x00000000e0000000,0x00000000e3cac990,0x00000000e6750000)
Event: 1461.940 GC heap after
Heap after GC invocations=140 (full 3):
 PSYoungGen      total 56640K, used 3239K [0x00000000fa000000, 0x00000000fdf80000, 0x0000000100000000)
  eden space 52096K, 0% used [0x00000000fa000000,0x00000000fa000000,0x00000000fd2e0000)
  from space 4544K, 71% used [0x00000000fd2e0000,0x00000000fd609f58,0x00000000fd750000)
  to   space 4672K, 0% used [0x00000000fdaf0000,0x00000000fdaf0000,0x00000000fdf80000)
 ParOldGen       total 97216K, used 57110K [0x00000000e8000000, 0x00000000edef0000, 0x00000000fa000000)
  object space 97216K, 58% used [0x00000000e8000000,0x00000000eb7c5828,0x00000000edef0000)
 PSPermGen       total 105792K, used 62130K [0x00000000e0000000, 0x00000000e6750000, 0x00000000e8000000)
  object space 105792K, 58% used [0x00000000e0000000,0x00000000e3cac990,0x00000000e6750000)
}
Event: 1533.980 GC heap before
{Heap before GC invocations=141 (full 3):
 PSYoungGen      total 56640K, used 55335K [0x00000000fa000000, 0x00000000fdf80000, 0x0000000100000000)
  eden space 52096K, 100% used [0x00000000fa000000,0x00000000fd2e0000,0x00000000fd2e0000)
  from space 4544K, 71% used [0x00000000fd2e0000,0x00000000fd609f58,0x00000000fd750000)
  to   space 4672K, 0% used [0x00000000fdaf0000,0x00000000fdaf0000,0x00000000fdf80000)
 ParOldGen       total 97216K, used 57110K [0x00000000e8000000, 0x00000000edef0000, 0x00000000fa000000)
  object space 97216K, 58% used [0x00000000e8000000,0x00000000eb7c5828,0x00000000edef0000)
 PSPermGen       total 105792K, used 62134K [0x00000000e0000000, 0x00000000e6750000, 0x00000000e8000000)
  object space 105792K, 58% used [0x00000000e0000000,0x00000000e3cad900,0x00000000e6750000)
Event: 1533.984 GC heap after
Heap after GC invocations=141 (full 3):
 PSYoungGen      total 53824K, used 3303K [0x00000000fa000000, 0x00000000fde30000, 0x0000000100000000)
  eden space 50496K, 0% used [0x00000000fa000000,0x00000000fa000000,0x00000000fd150000)
  from space 3328K, 99% used [0x00000000fdaf0000,0x00000000fde29f58,0x00000000fde30000)
  to   space 4800K, 0% used [0x00000000fd4d0000,0x00000000fd4d0000,0x00000000fd980000)
 ParOldGen       total 97216K, used 57110K [0x00000000e8000000, 0x00000000edef0000, 0x00000000fa000000)
  object space 97216K, 58% used [0x00000000e8000000,0x00000000eb7c5828,0x00000000edef0000)
 PSPermGen       total 105792K, used 62134K [0x00000000e0000000, 0x00000000e6750000, 0x00000000e8000000)
  object space 105792K, 58% used [0x00000000e0000000,0x00000000e3cad900,0x00000000e6750000)
}
Event: 1565.849 GC heap before
{Heap before GC invocations=142 (full 3):
 PSYoungGen      total 53824K, used 53799K [0x00000000fa000000, 0x00000000fde30000, 0x0000000100000000)
  eden space 50496K, 100% used [0x00000000fa000000,0x00000000fd150000,0x00000000fd150000)
  from space 3328K, 99% used [0x00000000fdaf0000,0x00000000fde29f58,0x00000000fde30000)
  to   space 4800K, 0% used [0x00000000fd4d0000,0x00000000fd4d0000,0x00000000fd980000)
 ParOldGen       total 97216K, used 57110K [0x00000000e8000000, 0x00000000edef0000, 0x00000000fa000000)
  object space 97216K, 58% used [0x00000000e8000000,0x00000000eb7c5828,0x00000000edef0000)
 PSPermGen       total 105792K, used 62819K [0x00000000e0000000, 0x00000000e6750000, 0x00000000e8000000)
  object space 105792K, 59% used [0x00000000e0000000,0x00000000e3d58c10,0x00000000e6750000)
Event: 1565.853 GC heap after
Heap after GC invocations=142 (full 3):
 PSYoungGen      total 52608K, used 3641K [0x00000000fa000000, 0x00000000fdb00000, 0x0000000100000000)
  eden space 48960K, 0% used [0x00000000fa000000,0x00000000fa000000,0x00000000fcfd0000)
  from space 3648K, 99% used [0x00000000fd4d0000,0x00000000fd85e608,0x00000000fd860000)
  to   space 2688K, 0% used [0x00000000fd860000,0x00000000fd860000,0x00000000fdb00000)
 ParOldGen       total 97216K, used 57110K [0x00000000e8000000, 0x00000000edef0000, 0x00000000fa000000)
  object space 97216K, 58% used [0x00000000e8000000,0x00000000eb7c5828,0x00000000edef0000)
 PSPermGen       total 105792K, used 62819K [0x00000000e0000000, 0x00000000e6750000, 0x00000000e8000000)
  object space 105792K, 59% used [0x00000000e0000000,0x00000000e3d58c10,0x00000000e6750000)
}
Event: 1572.303 GC heap before
{Heap before GC invocations=143 (full 3):
 PSYoungGen      total 52608K, used 52601K [0x00000000fa000000, 0x00000000fdb00000, 0x0000000100000000)
  eden space 48960K, 100% used [0x00000000fa000000,0x00000000fcfd0000,0x00000000fcfd0000)
  from space 3648K, 99% used [0x00000000fd4d0000,0x00000000fd85e608,0x00000000fd860000)
  to   space 2688K, 0% used [0x00000000fd860000,0x00000000fd860000,0x00000000fdb00000)
 ParOldGen       total 97216K, used 57110K [0x00000000e8000000, 0x00000000edef0000, 0x00000000fa000000)
  object space 97216K, 58% used [0x00000000e8000000,0x00000000eb7c5828,0x00000000edef0000)
 PSPermGen       total 105792K, used 63628K [0x00000000e0000000, 0x00000000e6750000, 0x00000000e8000000)
  object space 105792K, 60% used [0x00000000e0000000,0x00000000e3e23160,0x00000000e6750000)
Event: 1572.308 GC heap after
Heap after GC invocations=143 (full 3):
 PSYoungGen      total 50176K, used 2668K [0x00000000fa000000, 0x00000000fdb00000, 0x0000000100000000)
  eden space 47488K, 0% used [0x00000000fa000000,0x00000000fa000000,0x00000000fce60000)
  from space 2688K, 99% used [0x00000000fd860000,0x00000000fdafb120,0x00000000fdb00000)
  to   space 6208K, 0% used [0x00000000fcee0000,0x00000000fcee0000,0x00000000fd4f0000)
 ParOldGen       total 97216K, used 60999K [0x00000000e8000000, 0x00000000edef0000, 0x00000000fa000000)
  object space 97216K, 62% used [0x00000000e8000000,0x00000000ebb91dd8,0x00000000edef0000)
 PSPermGen       total 105792K, used 63628K [0x00000000e0000000, 0x00000000e6750000, 0x00000000e8000000)
  object space 105792K, 60% used [0x00000000e0000000,0x00000000e3e23160,0x00000000e6750000)
}

Deoptimization events (10 events):
Event: 1566.325 Thread 0x00000000625b1000 Uncommon trap -34 fr.pc 0x00000000240a0e10
Event: 1566.336 Thread 0x00000000625b1000 Uncommon trap -34 fr.pc 0x000000002410ca10
Event: 1566.336 Thread 0x00000000625b1000 Uncommon trap -122 fr.pc 0x00000000242f0914
Event: 1566.452 Thread 0x00000000625b1000 Uncommon trap -34 fr.pc 0x000000002410ca10
Event: 1566.460 Thread 0x00000000625b1000 Uncommon trap -34 fr.pc 0x000000002410ca10
Event: 1566.467 Thread 0x00000000625b1000 Uncommon trap -34 fr.pc 0x000000002410ca10
Event: 1573.603 Thread 0x00000000625b1000 Uncommon trap -83 fr.pc 0x000000002413ec98
Event: 1573.604 Thread 0x00000000625b1000 Uncommon trap -34 fr.pc 0x000000002416b648
Event: 1573.604 Thread 0x00000000625b1000 Uncommon trap -58 fr.pc 0x000000002416d094
Event: 1573.604 Thread 0x00000000625b1000 Uncommon trap -58 fr.pc 0x000000002416d094

Internal exceptions (10 events):
Event: 1573.766 Thread 0x00000000225ff800 Threw 0x00000000fb118998 at C:\jdk7u1_64p\jdk7u11\hotspot\src\share\vm\prims\jvm.cpp:1166
Event: 1573.766 Thread 0x00000000225ff800 Threw 0x00000000fb142490 at C:\jdk7u1_64p\jdk7u11\hotspot\src\share\vm\prims\jvm.cpp:1166
Event: 1574.629 Thread 0x00000000225ff800 Threw 0x00000000fbbcab90 at C:\jdk7u1_64p\jdk7u11\hotspot\src\share\vm\prims\jvm.cpp:1166
Event: 1574.630 Thread 0x00000000225ff800 Threw 0x00000000fbbea148 at C:\jdk7u1_64p\jdk7u11\hotspot\src\share\vm\prims\jvm.cpp:1166
Event: 1574.654 Thread 0x00000000225ff800 Threw 0x00000000fbbf68f8 at C:\jdk7u1_64p\jdk7u11\hotspot\src\share\vm\prims\jvm.cpp:1166
Event: 1574.655 Thread 0x00000000225ff800 Threw 0x00000000fbc5d7c0 at C:\jdk7u1_64p\jdk7u11\hotspot\src\share\vm\prims\jvm.cpp:1166
Event: 1574.655 Thread 0x00000000225ff800 Threw 0x00000000fbc60c60 at C:\jdk7u1_64p\jdk7u11\hotspot\src\share\vm\prims\jvm.cpp:1166
Event: 1574.655 Thread 0x00000000225ff800 Threw 0x00000000fbc89968 at C:\jdk7u1_64p\jdk7u11\hotspot\src\share\vm\prims\jvm.cpp:1166
Event: 1574.655 Thread 0x00000000225ff800 Threw 0x00000000fbc8c780 at C:\jdk7u1_64p\jdk7u11\hotspot\src\share\vm\prims\jvm.cpp:1166
Event: 1574.656 Thread 0x00000000225ff800 Threw 0x00000000fbcb46b8 at C:\jdk7u1_64p\jdk7u11\hotspot\src\share\vm\prims\jvm.cpp:1166

Events (10 events):
Event: 1574.654 loading class 0x00000000cb513250
Event: 1574.654 loading class 0x00000000cb513250 done
Event: 1574.654 loading class 0x00000000cb51aa90
Event: 1574.654 loading class 0x00000000cb51aa90 done
Event: 1574.654 loading class 0x00000000b096db20
Event: 1574.654 loading class 0x00000000b096db20 done
Event: 1574.655 loading class 0x000000011d100170
Event: 1574.655 loading class 0x000000011d100170 done
Event: 1574.655 loading class 0x000000011d0fd1f0
Event: 1574.655 loading class 0x000000011d0fd1f0 done


Dynamic libraries:
0x0000000140000000 - 0x0000000140029000 	C:\work_station\MATLAB\bin\win64\MATLAB.exe
0x0000000076d20000 - 0x0000000076ec9000 	C:\Windows\SYSTEM32\ntdll.dll
0x0000000076c00000 - 0x0000000076d1f000 	C:\Windows\system32\kernel32.dll
0x000007fefcb80000 - 0x000007fefcbec000 	C:\Windows\system32\KERNELBASE.dll
0x000000006f060000 - 0x000000006f3dc000 	C:\work_station\MATLAB\bin\win64\libmwservices.dll
0x000000006fe80000 - 0x000000006ff56000 	C:\work_station\MATLAB\bin\win64\libmwi18n.dll
0x000000006fe70000 - 0x000000006fe7d000 	C:\work_station\MATLAB\bin\win64\libmwresource_core.dll
0x000000006d040000 - 0x000000006d0d8000 	C:\work_station\MATLAB\bin\win64\MSVCP100.dll
0x0000000066670000 - 0x0000000066742000 	C:\work_station\MATLAB\bin\win64\MSVCR100.dll
0x0000000072740000 - 0x000000007274e000 	C:\work_station\MATLAB\bin\win64\boost_date_time-vc100-mt-1_49.dll
0x000000006d150000 - 0x000000006d17c000 	C:\work_station\MATLAB\bin\win64\boost_filesystem-vc100-mt-1_49.dll
0x0000000072820000 - 0x0000000072829000 	C:\work_station\MATLAB\bin\win64\boost_system-vc100-mt-1_49.dll
0x000007fefeb90000 - 0x000007fefec6b000 	C:\Windows\system32\ADVAPI32.dll
0x000007fefeaf0000 - 0x000007fefeb8f000 	C:\Windows\system32\msvcrt.dll
0x000007fefdc50000 - 0x000007fefdc6f000 	C:\Windows\SYSTEM32\sechost.dll
0x000007fefdaa0000 - 0x000007fefdbcd000 	C:\Windows\system32\RPCRT4.dll
0x000000006d120000 - 0x000000006d145000 	C:\work_station\MATLAB\bin\win64\LIBEXPAT.dll
0x00000000664e0000 - 0x000000006666a000 	C:\work_station\MATLAB\bin\win64\icuin49.dll
0x00000000663a0000 - 0x00000000664de000 	C:\work_station\MATLAB\bin\win64\icuuc49.dll
0x0000000065270000 - 0x0000000066392000 	C:\work_station\MATLAB\bin\win64\icudt49.dll
0x00000000726f0000 - 0x0000000072700000 	C:\work_station\MATLAB\bin\win64\icuio49.dll
0x0000000004100000 - 0x00000000041bb000 	C:\work_station\MATLAB\bin\win64\libut.dll
0x000000006f960000 - 0x000000006fb07000 	C:\work_station\MATLAB\bin\win64\libmwfl.dll
0x0000000004300000 - 0x000000000470f000 	C:\work_station\MATLAB\bin\win64\libmwMATLAB_res.dll
0x0000000065190000 - 0x000000006526f000 	C:\work_station\MATLAB\bin\win64\boost_regex-vc100-mt-1_49.dll
0x00000000769c0000 - 0x0000000076aba000 	C:\Windows\system32\USER32.dll
0x000007fefe830000 - 0x000007fefe897000 	C:\Windows\system32\GDI32.dll
0x000007fefefd0000 - 0x000007fefefde000 	C:\Windows\system32\LPK.dll
0x000007fefe340000 - 0x000007fefe409000 	C:\Windows\system32\USP10.dll
0x000000006d100000 - 0x000000006d111000 	C:\work_station\MATLAB\bin\win64\boost_signals-vc100-mt-1_49.dll
0x000000006e980000 - 0x000000006e991000 	C:\work_station\MATLAB\bin\win64\boost_thread-vc100-mt-1_49.dll
0x0000000065100000 - 0x000000006518c000 	C:\work_station\MATLAB\bin\win64\boost_log-vc100-mt-1_49.dll
0x0000000076ef0000 - 0x0000000076ef7000 	C:\Windows\system32\PSAPI.DLL
0x000007fefefe0000 - 0x000007feff02d000 	C:\Windows\system32\WS2_32.dll
0x000007fefe820000 - 0x000007fefe828000 	C:\Windows\system32\NSI.dll
0x000007fef60a0000 - 0x000007fef60d3000 	C:\work_station\MATLAB\bin\win64\tbb.dll
0x000007fefe800000 - 0x000007fefe819000 	C:\Windows\system32\imagehlp.dll
0x000007fefcc60000 - 0x000007fefcc8c000 	C:\Windows\system32\POWRPROF.dll
0x000007fefe410000 - 0x000007fefe5e7000 	C:\Windows\system32\SETUPAPI.dll
0x000007fefcaf0000 - 0x000007fefcb26000 	C:\Windows\system32\CFGMGR32.dll
0x000007fefde00000 - 0x000007fefded7000 	C:\Windows\system32\OLEAUT32.dll
0x000007fefe5f0000 - 0x000007fefe7f3000 	C:\Windows\system32\ole32.dll
0x000007fefcbf0000 - 0x000007fefcc0a000 	C:\Windows\system32\DEVOBJ.dll
0x0000000004710000 - 0x000000000480b000 	C:\work_station\MATLAB\bin\win64\libmx.dll
0x000007fef6110000 - 0x000007fef6138000 	C:\work_station\MATLAB\bin\win64\tbbmalloc.dll
0x000000006d0e0000 - 0x000000006d0f7000 	C:\work_station\MATLAB\bin\win64\zlib1.dll
0x000000006ef00000 - 0x000000006ef4e000 	C:\work_station\MATLAB\bin\win64\libmwregexp.dll
0x000000006eeb0000 - 0x000000006eef7000 	C:\work_station\MATLAB\bin\win64\mpath.dll
0x0000000004810000 - 0x0000000004e38000 	C:\work_station\MATLAB\bin\win64\mlutil.dll
0x000000006e870000 - 0x000000006e8e7000 	C:\work_station\MATLAB\bin\win64\xmlcore.dll
0x0000000064eb0000 - 0x00000000650f1000 	C:\work_station\MATLAB\bin\win64\xerces-c_2_7.dll
0x000000006e5f0000 - 0x000000006e613000 	C:\work_station\MATLAB\bin\win64\libmwMATLAB_settings_res.dll
0x0000000072730000 - 0x0000000072740000 	C:\work_station\MATLAB\bin\win64\boost_iostreams-vc100-mt-1_49.dll
0x000000006cff0000 - 0x000000006d036000 	C:\work_station\MATLAB\bin\win64\boost_serialization-vc100-mt-1_49.dll
0x000007fefcd10000 - 0x000007fefda98000 	C:\Windows\system32\SHELL32.dll
0x000007fefec70000 - 0x000007fefece1000 	C:\Windows\system32\SHLWAPI.dll
0x000000006e580000 - 0x000000006e586000 	C:\work_station\MATLAB\bin\win64\libmwnativedisplay.dll
0x00000000685f0000 - 0x000000006863d000 	C:\work_station\MATLAB\bin\win64\opccore.dll
0x00000000684f0000 - 0x00000000685c6000 	C:\work_station\MATLAB\bin\win64\opcmodel.dll
0x00000000684c0000 - 0x00000000684ed000 	C:\work_station\MATLAB\bin\win64\opczippackage.dll
0x000000006cfe0000 - 0x000000006cfee000 	C:\work_station\MATLAB\bin\win64\libminizip.dll
0x0000000068340000 - 0x00000000683a6000 	C:\work_station\MATLAB\bin\win64\opcmwservices.dll
0x000007fef84d0000 - 0x000007fef8570000 	C:\Windows\WinSxS\amd64_microsoft.windows.common-controls_6595b64144ccf1df_5.82.7601.18201_none_a4d3b9377117c3df\COMCTL32.dll
0x000007fefedf0000 - 0x000007fefee87000 	C:\Windows\system32\COMDLG32.dll
0x000007fefa480000 - 0x000007fefa496000 	C:\Windows\system32\NETAPI32.dll
0x000007fefa470000 - 0x000007fefa47c000 	C:\Windows\system32\netutils.dll
0x000007fefc390000 - 0x000007fefc3b3000 	C:\Windows\system32\srvcli.dll
0x000007fefa450000 - 0x000007fefa465000 	C:\Windows\system32\wkscli.dll
0x000000006e4d0000 - 0x000000006e57d000 	C:\work_station\MATLAB\bin\win64\mcr.dll
0x000000006e110000 - 0x000000006e4d0000 	C:\work_station\MATLAB\bin\win64\iqm.dll
0x0000000180000000 - 0x00000001800c2000 	C:\work_station\MATLAB\bin\win64\m_dispatcher.dll
0x0000000004e40000 - 0x000000000563b000 	C:\work_station\MATLAB\bin\win64\m_interpreter.dll
0x000000006d760000 - 0x000000006d784000 	C:\work_station\MATLAB\bin\win64\libmex.dll
0x000000006d6e0000 - 0x000000006d75b000 	C:\work_station\MATLAB\bin\win64\profiler.dll
0x000000006d450000 - 0x000000006d5c8000 	C:\work_station\MATLAB\bin\win64\libmwmathutil.dll
0x000000006d420000 - 0x000000006d447000 	C:\work_station\MATLAB\bin\win64\libmwmathrng.dll
0x000000006d410000 - 0x000000006d420000 	C:\work_station\MATLAB\bin\win64\libmwmfl_rng.dll
0x0000000005640000 - 0x0000000005758000 	C:\work_station\MATLAB\bin\win64\libmwmathcore.dll
0x000000006d2b0000 - 0x000000006d313000 	C:\work_station\MATLAB\bin\win64\libmwspmatrix.dll
0x0000000005760000 - 0x00000000059c2000 	C:\work_station\MATLAB\bin\win64\mcos.dll
0x00000000059d0000 - 0x0000000005a2c000 	C:\work_station\MATLAB\bin\win64\libmwcholmod.dll
0x000000006cfb0000 - 0x000000006cfbc000 	C:\work_station\MATLAB\bin\win64\libmwamd.dll
0x000000006cfa0000 - 0x000000006cfab000 	C:\work_station\MATLAB\bin\win64\libmwcolamd.dll
0x000000006cf80000 - 0x000000006cf93000 	C:\work_station\MATLAB\bin\win64\libmwblas.dll
0x000000006cf60000 - 0x000000006cf75000 	C:\work_station\MATLAB\bin\win64\libmwbinder.dll
0x000000006cf50000 - 0x000000006cf5b000 	C:\work_station\MATLAB\bin\win64\libmwompwrapper.dll
0x000000006ced0000 - 0x000000006cf4f000 	C:\work_station\MATLAB\bin\win64\libmwlapack.dll
0x000000006ceb0000 - 0x000000006ced0000 	C:\work_station\MATLAB\bin\win64\m_pcodeio.dll
0x000000006ce50000 - 0x000000006ceac000 	C:\work_station\MATLAB\bin\win64\m_ir.dll
0x0000000005a30000 - 0x00000000060e5000 	C:\work_station\MATLAB\bin\win64\m_parser.dll
0x000000006c780000 - 0x000000006c797000 	C:\work_station\MATLAB\bin\win64\ir_xfmr.dll
0x000000006c770000 - 0x000000006c780000 	C:\work_station\MATLAB\bin\win64\mtok.dll
0x000000006c740000 - 0x000000006c768000 	C:\work_station\MATLAB\bin\win64\m_pcodegen.dll
0x000007fef6e20000 - 0x000007fef6f45000 	C:\Windows\system32\dbghelp.dll
0x000000006c710000 - 0x000000006c73f000 	C:\work_station\MATLAB\bin\win64\libmwbridge.dll
0x000000006c650000 - 0x000000006c706000 	C:\work_station\MATLAB\bin\win64\udd.dll
0x00000000060f0000 - 0x0000000006241000 	C:\work_station\MATLAB\bin\win64\libmwgui.dll
0x000000006c4d0000 - 0x000000006c4f8000 	C:\work_station\MATLAB\bin\win64\graphics_util.dll
0x0000000064d30000 - 0x0000000064de8000 	C:\work_station\MATLAB\bin\win64\libtex_base.dll
0x000000006bac0000 - 0x000000006c426000 	C:\work_station\MATLAB\bin\win64\hg.dll
0x000000006ba60000 - 0x000000006babd000 	C:\work_station\MATLAB\bin\win64\libmat.dll
0x000000006b850000 - 0x000000006ba58000 	C:\work_station\MATLAB\bin\win64\hdf5dll.dll
0x000000006b780000 - 0x000000006b848000 	C:\work_station\MATLAB\bin\win64\jmi.dll
0x000000006b770000 - 0x000000006b77e000 	C:\work_station\MATLAB\bin\win64\nativejava_services.dll
0x0000000006250000 - 0x0000000006292000 	C:\work_station\MATLAB\bin\win64\libmwhardcopy.dll
0x000000006b6d0000 - 0x000000006b72e000 	C:\work_station\MATLAB\bin\win64\libuij.dll
0x000000006b490000 - 0x000000006b695000 	C:\work_station\MATLAB\bin\win64\hgdatatypes.dll
0x00000000062a0000 - 0x00000000063b2000 	C:\work_station\MATLAB\bin\win64\hgutils.dll
0x000000006b2f0000 - 0x000000006b39e000 	C:\work_station\MATLAB\bin\win64\udd_mi.dll
0x000000006b2b0000 - 0x000000006b2e6000 	C:\work_station\MATLAB\bin\win64\libmwgbtutils.dll
0x000000006b290000 - 0x000000006b2a3000 	C:\work_station\MATLAB\bin\win64\libmwgbt.dll
0x000000006afc0000 - 0x000000006b28f000 	C:\work_station\MATLAB\bin\win64\uiw.dll
0x000000006afb0000 - 0x000000006afb9000 	C:\work_station\MATLAB\bin\win64\uinone.dll
0x000000006af80000 - 0x000000006afac000 	C:\work_station\MATLAB\bin\win64\libmwnativedialogs.dll
0x000000006af70000 - 0x000000006af7c000 	C:\work_station\MATLAB\bin\win64\libmwplatform_res.dll
0x000007fef6cc0000 - 0x000007fef6cd8000 	C:\Windows\system32\MPR.dll
0x00000000647d0000 - 0x0000000064d2d000 	C:\work_station\MATLAB\bin\win64\mfc100.dll
0x000007fef9700000 - 0x000007fef9707000 	C:\Windows\system32\MSIMG32.dll
0x000007fef7ed0000 - 0x000007fef7f41000 	C:\Windows\system32\WINSPOOL.DRV
0x000000006af50000 - 0x000000006af6d000 	C:\work_station\MATLAB\bin\win64\mwoles05.DLL
0x000000006aee0000 - 0x000000006af4c000 	C:\work_station\MATLAB\bin\win64\comcli.dll
0x0000000064e80000 - 0x0000000064eab000 	C:\work_station\MATLAB\bin\win64\ATL100.DLL
0x000000006aed0000 - 0x000000006aedc000 	C:\work_station\MATLAB\bin\win64\mlautoregister.dll
0x00000000063c0000 - 0x000000000652f000 	C:\work_station\MATLAB\bin\win64\mvm.dll
0x000007fefee90000 - 0x000007fefeebe000 	C:\Windows\system32\IMM32.DLL
0x000007fefeec0000 - 0x000007fefefc9000 	C:\Windows\system32\MSCTF.dll
0x000007fefb010000 - 0x000007fefb066000 	C:\Windows\system32\UxTheme.dll
0x000007fefcc90000 - 0x000007fefcca8000 	C:\Windows\system32\dwmapi.dll

VM Arguments:
jvm_args: -XX:PermSize=32m -Xms64m -XX:NewRatio=3 -XX:MaxPermSize=128m -Xmx384m -XX:MaxDirectMemorySize=2147400000 -Dsun.java2d.noddraw=true -Dsun.awt.nopixfmt=true -Xshare:off -Xrs -XX:-UseSplitVerifier -Djava.library.path=C:\work_station\MATLAB\bin\win64;C:\work_station\MATLAB\sys\jxbrowser\win64\lib vfprintf abort -Duser.language=zh -Duser.country=CN -XX:ParallelGCThreads=6 
java_command: <unknown>
Launcher Type: generic

Environment Variables:
PATH=E:\FPGA\SOC\Quartus\quartus\bin64;C:\Program Files (x86)\NVIDIA Corporation\PhysX\Common;C:\Program Files (x86)\PC Connectivity Solution\;C:\Program Files (x86)\WiT8.0 Demo\bin;C:\Program Files (x86)\Intel\iCLS Client\;C:\Program Files\Intel\iCLS Client\;C:\Windows\system32;C:\Windows;C:\Windows\System32\Wbem;C:\Windows\System32\WindowsPowerShell\v1.0\;C:\Program Files\Intel\Intel(R) Management Engine Components\DAL;C:\Program Files\Intel\Intel(R) Management Engine Components\IPT;C:\Program Files (x86)\Intel\Intel(R) Management Engine Components\DAL;C:\Program Files (x86)\Intel\Intel(R) Management Engine Components\IPT;C:\work_station\MATLAB\runtime\win64;C:\work_station\MATLAB\bin;C:\work_station\MATLAB\polyspace\bin;C:\Program Files (x86)\Microsoft SQL Server\100\Tools\Binn\;C:\Program Files\Microsoft SQL Server\100\Tools\Binn\;C:\Program Files\Microsoft SQL Server\100\DTS\Binn\;C:\Program Files (x86)\IVI Foundation\VISA\WinNT\Bin\;C:\Program Files\IVI Foundation\VISA\Win64\Bin\;C:\Program Files (x86)\IVI Foundation\VISA\WinNT\Bin;C:\work_station\FPGA\Quartus\quartus\modelsim_ase\win32aloem;C:\work_station\FPGA\modelsim\win64
USERNAME=Given_Jiang
OS=Windows_NT
PROCESSOR_IDENTIFIER=Intel64 Family 6 Model 42 Stepping 5, GenuineIntel



---------------  S Y S T E M  ---------------

OS: Windows 7 , 64 bit Build 7601 Service Pack 1

CPU:total 8 (4 cores per cpu, 2 threads per core) family 6 model 42 stepping 5, cmov, cx8, fxsr, mmx, sse, sse2, sse3, ssse3, sse4.1, sse4.2, popcnt, avx, ht, tsc, tscinvbit

Memory: 4k page, physical 8365596k(4543536k free), swap 16729336k(12256064k free)

vm_info: Java HotSpot(TM) 64-Bit Server VM (23.6-b04) for windows-amd64 JRE (1.7.0_11-b21), built on Jan 12 2013 02:38:42 by "java_re" with unknown MS VC++:1600

time: Thu Feb 26 20:29:13 2015
elapsed time: 1574 seconds

